2026-03-20T00:20:56: [dotenv@17.2.1] injecting env (0) from .env -- tip: ⚙️  enable debug logging with { debug: true }
2026-03-20T00:20:56: [dotenv@17.2.1] injecting env (0) from .env -- tip: ⚙️  load multiple .env files with { path: ['.env.local', '.env'] }
2026-03-20T00:20:56: [RTLS] Loaded dynamic map lines for 5 floors.
2026-03-20T00:20:56: [Geofence] Initializing service...
2026-03-20T00:20:56: [dotenv@17.2.1] injecting env (0) from .env -- tip: ⚙️  write to custom object with { processEnv: myObject }
2026-03-20T00:20:56: 📦 Serving static files from: /var/www/oncorad/dist
2026-03-20T00:20:56: 🔵 REGISTERING OXYGEN ROUTES
2026-03-20T00:20:56: 🔄 Server is starting...
2026-03-20T00:20:56: [MQTT] Initialisation du service MQTT...
2026-03-20T00:20:56: [MQTT] Connecté au broker mqtt://10.0.0.2:1883
2026-03-20T00:20:56: [MQTT] ✅ Connecté au broker MQTT
2026-03-20T00:20:56: [MQTT] Abonné au topic air/topic
2026-03-20T00:20:56: [MQTT] ✅ Abonné au topic: air/topic
2026-03-20T00:20:56: [MQTT] Abonné au topic rtls/topic
2026-03-20T00:20:56: [MQTT] ✅ Abonné au topic: rtls/topic
2026-03-20T00:20:56: [MQTT] Abonné au topic o2/topic
2026-03-20T00:20:56: [MQTT] ✅ Abonné au topic: o2/topic
2026-03-20T00:20:56: [MQTT] Abonné au topic energie4/topic
2026-03-20T00:20:56: [MQTT] ✅ Abonné au topic: energie4/topic
2026-03-20T00:20:56: [MQTT] Abonné au topic oxygentank/topic
2026-03-20T00:20:56: [MQTT] ✅ Abonné au topic: oxygentank/topic
2026-03-20T00:20:56: [Geofence] Loaded 6 sirens.
2026-03-20T00:20:56: [SEM_TUNING] loaded anchor=0 switch=0
2026-03-20T00:20:56: [RTLS] Loaded 199 anchors.
2026-03-20T00:20:56: [MQTT] Abonné au topic alarm/sub/topic
2026-03-20T00:20:56: [MQTT] ✅ Abonné au topic: alarm/sub/topic
2026-03-20T00:20:56: [MQTT] Service MQTT initialisé avec succès
2026-03-20T00:20:56: [WS] WebSocket Server initialized
2026-03-20T00:20:56: 🚀 Server running on port 8789
2026-03-20T00:20:56: 📊 Health check: http://localhost:8789/api/health
2026-03-20T00:20:56: 🔌 MQTT Status: ✅ Connecté
2026-03-20T00:20:56: [RTLS] Loaded 113 locations (rooms/zones) and 9 floor geometries.
2026-03-20T00:20:56: [RTLS] Anchor→room map: 116 total. Floor 6: ★ 14 → Bloc5, ★ 21 → Bloc2, ★ 20 → Bloc3, ★ 18 → Bloc6, ★ 3 → Bloc4,   198 → Bloc4, ★ 4 → Reveil,   199 → Bloc2, ★ 22 → BLOC1,   19 → Bloc6
2026-03-20T00:20:56: [RTLS] Snapping assets to their assigned rooms with deterministic jitter...
2026-03-20T00:20:56: [RTLS] Loaded room_gate_anchors for 7 rooms (29 entries).
2026-03-20T00:20:56: [RTLS] Snapping asset 18690a7612d7 to room 311 at (4170, 1125)
2026-03-20T00:20:56: [RTLS] Snapping asset 18690a761e05 to room Bloc5 at (3225, 575)
2026-03-20T00:20:56: [RTLS] Snapping asset 18690a762054 to room Bloc2 at (1097, 553)
2026-03-20T00:20:56: [RTLS] Snapping asset 18690a7613bf to room Bloc2 at (1075, 566)
2026-03-20T00:20:56: [RTLS] Snapping asset 18690a7623e9 to room NURSERIE at (3483, 1434)
2026-03-20T00:20:56: [RTLS] Snapping asset 18690a76209b to room Box6 at (795, 448)
2026-03-20T00:20:56: [RTLS] Snapping asset 18690a7613de to room Box12 at (1691, 1512)
2026-03-20T00:20:56: [RTLS] Snapping asset 18690a76183b to room SALLE D'ACCOUCHEMENT 3 at (3235, 2334)
2026-03-20T00:20:56: [RTLS] Snapping asset 18690a761813 to room ACCUEIL at (3554, 1104)
2026-03-20T00:20:56: [RTLS] Snapping asset 18690a761e22 to room 408 at (3040, 506)
2026-03-20T00:20:56: [RTLS] Snapping asset 18690a762063 to room 303 at (1487, 458)
2026-03-20T00:20:56: [RTLS] Snapping asset 18690a7612e5 to room 408 at (3036, 505)
2026-03-20T00:20:56: [RTLS] Snapping asset 18690a761834 to room Box10 at (464, 1579)
2026-03-20T00:20:56: [RTLS] Snapping asset 18690a7612a2 to room Box10 at (450, 1555)
2026-03-20T00:20:56: [RTLS] Snapping asset 18690a7613d1 to room Box10 at (495, 1554)
2026-03-20T00:20:56: [RTLS] Snapping asset 18690a7613c3 to room 3002 at (4039, 438)
2026-03-20T00:20:56: [RTLS] Snapping asset 18690a7613fa to room 414 at (4267, 2220)
2026-03-20T00:20:56: [RTLS] Snapping asset 18690a76182f to room Box1 at (2458, 424)
2026-03-20T00:20:56: [RTLS] Snapping asset 18690a761e0b to room Box12 at (1652, 1516)
2026-03-20T00:20:56: [RTLS] Snapping asset 18690a761e07 to room REANIMATION NEONATALE at (4045, 555)
2026-03-20T00:20:56: [RTLS] Snapping asset 18690a76207f to room 3001 at (533, 547)
2026-03-20T00:20:56: [RTLS] Snapping asset 18690a761e1f to room 319 at (2051, 1623)
2026-03-20T00:20:56: [RTLS] Snapping asset 18690a761e40 to room 4001 at (446, 533)
2026-03-20T00:20:56: [RTLS] Snapping asset 18690a7623fd to room NURSERIE at (3507, 1428)
2026-03-20T00:20:56: [RTLS] Snapping asset 18690a761e24 to room 407 at (2701, 500)
2026-03-20T00:20:56: [RTLS] Snapping asset 18690a7621d2 to room 409 at (3488, 493)
2026-03-20T00:20:56: [RTLS] Snapping asset 18690a762409 to room 4001 at (459, 504)
2026-03-20T00:20:56: [RTLS] Snapping asset 18690a762083 to room SOINS INTENSIFS at (4338, 1064)
2026-03-20T00:20:56: [RTLS] Snapping asset 18690a761e27 to room ACCUEIL at (3482, 1110)
2026-03-20T00:20:56: [RTLS] Snapping asset 18690a7615cd to room Bloc6 at (3756, 555)
2026-03-20T00:20:56: [RTLS] Snapping asset 18690a7615f1 to room REANIMATION NEONATALE at (4031, 511)
2026-03-20T00:20:56: [RTLS] Snapping asset 18690a761414 to room Box12 at (1666, 1532)
2026-03-20T00:20:56: [RTLS] Snapping asset 18690a7613c1 to room Reveil at (1339, 1381)
2026-03-20T00:20:56: [RTLS] Snapping asset 18690a7612ec to room 304 at (1754, 459)
2026-03-20T00:20:57: [RTLS] Snapping asset 18690a7623f1 to room SALLE D'ACCOUCHEMENT 3 at (3212, 2303)
2026-03-20T00:20:57: [RTLS] Snapping asset 18690a7615fc to room 315 at (4121, 2292)
2026-03-20T00:20:57: [RTLS] Snapping asset 18690a76180f to room SALLE D'ACCOUCHEMENT 3 at (3278, 2348)
2026-03-20T00:20:57: [RTLS] Snapping asset 18690a761e47 to room Box2 at (2041, 324)
2026-03-20T00:20:57: [RTLS] Snapping asset 18690a7623f8 to room NURSERIE at (3510, 1433)
2026-03-20T00:20:57: [RTLS] Snapping asset 18690a762080 to room Box9 at (469, 1228)
2026-03-20T00:20:57: [RTLS] Snapping asset 18690a761607 to room CH02 at (412, 1295)
2026-03-20T00:20:57: [RTLS] Snapping asset 18690a761dfb to room 4001 at (467, 585)
2026-03-20T00:20:57: [RTLS] Snapping asset 18690a76181b to room Bloc5 at (3259, 579)
2026-03-20T00:20:57: [RTLS] Snapping asset 18690a7612cb to room CH06 at (356, 414)
2026-03-20T00:20:57: [RTLS] Snapping asset 18690a762092 to room CH12 at (1730, 367)
2026-03-20T00:20:57: [RTLS] Snapping asset 18690a7615e2 to room CH19 at (2824, 625)
2026-03-20T00:20:57: [RTLS] Snapping asset 18690a76205d to room 302 at (1178, 461)
2026-03-20T00:20:57: [RTLS] Snapping asset 18690a761e2a to room 302 at (1132, 466)
2026-03-20T00:20:57: [RTLS] Snapping asset 18690a7623ee to room 308 at (3037, 441)
2026-03-20T00:20:57: [RTLS] Snapping asset 18690a76185a to room CH02 at (421, 1395)
2026-03-20T00:20:57: [RTLS] Snapping asset 18690a7623e0 to room 316 at (2283, 2210)
2026-03-20T00:20:57: [RTLS] Snapping asset 18690a7612a9 to room REANIMATION NEONATALE at (4056, 570)
2026-03-20T00:20:57: [RTLS] Snapping asset 18690a7613ff to room SALLE D'ACCOUCHEMENT 4 at (4302, 1669)
2026-03-20T00:20:57: [RTLS] Snapping asset 18690a7621ea to room REANIMATION NEONATALE at (4077, 548)
2026-03-20T00:20:57: [RTLS] Snapping asset 18690a7615e4 to room Box11 at (939, 1483)
2026-03-20T00:20:57: [RTLS] Snapping asset 18690a7613fd to room Box12 at (1685, 1548)
2026-03-20T00:20:57: [RTLS] Snapping asset 18690a761dfd to room 403 at (1445, 578)
2026-03-20T00:20:57: [RTLS] Snapping asset 18690a762057 to room REANIMATION NEONATALE at (4120, 532)
2026-03-20T00:20:57: [RTLS] Snapping asset 18690a7623d6 to room REANIMATION NEONATALE at (4027, 537)
2026-03-20T00:20:57: [RTLS] Snapping asset 18690a7623ff to room Box7 at (429, 385)
2026-03-20T00:20:57: [RTLS] Snapping asset 18690a762403 to room 403 at (1440, 503)
2026-03-20T00:20:57: [RTLS] Snapping asset 18690a762087 to room CONSULTATION 2 at (3151, 354)
2026-03-20T00:20:57: [RTLS] Snapping asset 18690a7615b8 to room 414 at (4233, 2174)
2026-03-20T00:20:57: [RTLS] Snapping asset 18690a7615c9 to room SALLE DE PREPARATION at (4278, 2246)
2026-03-20T00:20:57: [RTLS] Snapping asset 18690a762052 to room SOINS INTENSIFS at (4375, 1042)
2026-03-20T00:20:57: [RTLS] Snapping asset 18690a7613c2 to room SOINS INTENSIFS at (4357, 1060)
2026-03-20T00:20:57: [RTLS] Snapping asset 18690a761e44 to room 306 at (2373, 430)
2026-03-20T00:20:57: [RTLS] Snapping asset 18690a7621ef to room 408 at (3107, 502)
2026-03-20T00:20:57: [RTLS] Snapping asset 18690a761e1e to room 311 at (4161, 1124)
2026-03-20T00:20:57: [RTLS] Snapping asset 18690a7612e3 to room Bloc4 at (1955, 573)
2026-03-20T00:20:57: [RTLS] Snapping asset 18690a761e3c to room Bloc6 at (3757, 556)
2026-03-20T00:20:57: [RTLS] Snapping asset 18690a7621cf to room Bloc4 at (2038, 559)
2026-03-20T00:20:57: [RTLS] Snapping asset 18690a7613c8 to room 306 at (2460, 454)
2026-03-20T00:20:57: [RTLS] Snapping asset 18690a7623f2 to room CH14 at (2088, 331)
2026-03-20T00:20:57: [RTLS] Snapping asset 18690a7612f2 to room SALLE D'EPREUVE D'EFFORT at (4069, 375)
2026-03-20T00:20:57: [RTLS] Snapping asset 18690a761815 to room Box11 at (978, 1510)
2026-03-20T00:20:57: [RTLS] Snapping asset 18690a761810 to room Bloc4 at (2020, 563)
2026-03-20T00:20:57: [RTLS] Snapping asset 18690a7621df to room ANGIOGRAPHIE at (4158, 1856)
2026-03-20T00:20:58: [RTLS] Snapping asset 18690a76222f to room ANGIOGRAPHIE at (4096, 1878)
2026-03-20T00:20:58: [RTLS] Snapping asset 18690a7613cc to room 302 at (1195, 482)
2026-03-20T00:20:58: [RTLS] Snapping asset 18690a762077 to room REANIMATION NEONATALE at (4105, 559)
2026-03-20T00:20:58: [RTLS] Snapping asset 18690a7612ed to room SALLE D'ACCOUCHEMENT 4 at (4266, 1618)
2026-03-20T00:20:58: [RTLS] Snapping asset 18690a7612dd to room Bloc5 at (3197, 580)
2026-03-20T00:20:58: [RTLS] Snapping asset 18690a761e38 to room 304 at (1741, 455)
2026-03-20T00:20:58: [RTLS] Snapping asset 18690a761606 to room Box5 at (1070, 305)
2026-03-20T00:20:58: [RTLS] Snapping asset 18690a761e42 to room Box1 at (2396, 371)
2026-03-20T00:20:58: [RTLS] Snapping asset 18690a7615b6 to room 314 at (4115, 2046)
2026-03-20T00:20:58: [RTLS] Snapping asset 18690a761e30 to room 403 at (1443, 533)
2026-03-20T00:20:58: [RTLS] Snapping asset 18690a761853 to room CH14 at (2095, 384)
2026-03-20T00:20:59: [RTLS] Snapping asset 18690a762067 to room 304 at (1810, 461)
2026-03-20T00:20:59: [RTLS] Snapping asset 18690a761e3f to room 314 at (4125, 2022)
2026-03-20T00:20:59: [RTLS] Snapping asset 18690a761df4 to room 402 at (1144, 529)
2026-03-20T00:20:59: [RTLS] Snapping asset 18690a761e14 to room CH02 at (412, 1371)
2026-03-20T00:20:59: [RTLS] Snapping asset 18690a761843 to room Box1 at (2441, 407)
2026-03-20T00:20:59: [RTLS] Snapping asset 18690a761816 to room Reveil at (1322, 1389)
2026-03-20T00:20:59: [RTLS] Snapping asset 18690a761413 to room CH06 at (370, 429)
2026-03-20T00:20:59: [RTLS] Snapping asset 18690a762065 to room ANGIOGRAPHIE at (4147, 1838)
2026-03-20T00:20:59: [RTLS] Snapping asset 18690a761829 to room Box1 at (2461, 417)
2026-03-20T00:20:59: [RTLS] Snapping asset 18690a76209d to room NURSERIE at (3552, 1492)
2026-03-20T00:20:59: [RTLS] Snapping asset 18690a761e46 to room Reveil at (1255, 1362)
2026-03-20T00:20:59: [RTLS] Snapping asset 18690a7615ce to room Bloc3 at (1492, 546)
2026-03-20T00:20:59: [RTLS] Snapping asset 18690a7615c4 to room REANIMATION NEONATALE at (4029, 537)
2026-03-20T00:20:59: [RTLS] Snapping asset 18690a762217 to room REANIMATION NEONATALE at (4062, 560)
2026-03-20T00:20:59: [RTLS] Snapping asset 18690a762411 to room Box5 at (1069, 312)
2026-03-20T00:20:59: [RTLS] Snapping asset 18690a7612f0 to room Bloc2 at (1014, 563)
2026-03-20T00:20:59: [RTLS] Snapping asset 18690a7612b9 to room REANIMATION NEONATALE at (4040, 582)
2026-03-20T00:20:59: [RTLS] Snapping asset 18690a7621cc to room 413 at (4348, 1725)
2026-03-20T00:20:59: [RTLS] Snapping asset 18690a76206e to room NURSERIE at (3574, 1462)
2026-03-20T00:20:59: [RTLS] Snapping asset 18690a761e1b to room Bloc3 at (1495, 573)
2026-03-20T00:20:59: [RTLS] Snapping asset 18690a761824 to room REANIMATION NEONATALE at (4081, 568)
2026-03-20T00:20:59: [RTLS] Snapping asset 18690a7612ee to room 409 at (3427, 488)
2026-03-20T00:21:00: [RTLS] Snapping asset 18690a762206 to room Bloc6 at (3814, 603)
2026-03-20T00:21:00: [RTLS] Snapping asset 18690a762050 to room 302 at (1205, 452)
2026-03-20T00:21:00: [RTLS] Snapping asset 18690a76207d to room Box5 at (1146, 389)
2026-03-20T00:21:00: [RTLS] Snapping asset 18690a7615f8 to room CH19 at (2813, 602)
2026-03-20T00:21:00: [RTLS] Snapping asset 18690a7615ed to room 413 at (4289, 1701)
2026-03-20T00:21:00: [RTLS] Snapping asset 18690a762084 to room Box5 at (1118, 371)
2026-03-20T00:21:00: [RTLS] Snapping asset 18690a761dfa to room Box10 at (428, 1574)
2026-03-20T00:21:00: [RTLS] Snapping asset 18690a76240c to room SALLE D'ACCOUCHEMENT 4 at (4258, 1575)
2026-03-20T00:21:00: [RTLS] Snapping asset 18690a762055 to room 306 at (2477, 434)
2026-03-20T00:21:00: [RTLS] Snapping asset 18690a761850 to room 414 at (4241, 2210)
2026-03-20T00:21:00: [RTLS] Snapping asset 18690a76182d to room Box4 at (1452, 452)
2026-03-20T00:21:00: [RTLS] Snapping asset 18690a7623e7 to room Box1 at (2392, 366)
2026-03-20T00:21:00: [RTLS] Snapping asset 18690a7612c1 to room REANIMATION NEONATALE at (4050, 551)
2026-03-20T00:21:00: [RTLS] Snapping asset 18690a7623e2 to room CH06 at (331, 386)
2026-03-20T00:21:00: [RTLS] Snapping asset 18690a762202 to room REANIMATION NEONATALE at (4080, 575)
2026-03-20T00:21:00: [RTLS] Snapping asset 18690a7612bc to room REANIMATION NEONATALE at (4036, 583)
2026-03-20T00:21:00: [RTLS] Snapping asset 18690a7613ea to room CH06 at (397, 423)
2026-03-20T00:21:00: [RTLS] Snapping asset 18690a762072 to room NURSERIE at (3576, 1467)
2026-03-20T00:21:00: [RTLS] Snapping asset 18690a7621e9 to room REANIMATION NEONATALE at (4077, 547)
2026-03-20T00:21:00: [RTLS] Snapping asset 18690a7615f5 to room SALLE DE SOINS at (3502, 1840)
2026-03-20T00:21:00: [RTLS] Snapping asset 18690a761e0d to room REANIMATION NEONATALE at (4038, 557)
2026-03-20T00:21:00: [RTLS] Snapping asset 18690a7612c9 to room CH17 at (2826, 243)
2026-03-20T00:21:00: [RTLS] Snapping asset 18690a761817 to room 402 at (1177, 503)
2026-03-20T00:21:00: [RTLS] Snapping asset 18690a76222d to room REANIMATION NEONATALE at (4045, 579)
2026-03-20T00:21:00: [RTLS] Snapping asset 18690a76221b to room CH17 at (2843, 252)
2026-03-20T00:21:00: [RTLS] Snapping asset 18690a76208f to room SOINS INTENSIFS at (4341, 1077)
2026-03-20T00:21:00: [RTLS] Snapping asset 18690a762071 to room NURSERIE at (3575, 1465)
2026-03-20T00:21:00: [RTLS] Snapping asset 18690a7615be to room NURSERIE at (3509, 1453)
2026-03-20T00:21:00: [RTLS] Snapping asset 18690a7612a3 to room Box12 at (1672, 1524)
2026-03-20T00:21:00: [RTLS] Snapping asset 18690a7623e8 to room CH19 at (2793, 622)
2026-03-20T00:21:00: [RTLS] Snapping asset 18690a7621f4 to room REANIMATION NEONATALE at (4081, 558)
2026-03-20T00:21:00: [RTLS] Snapping asset 18690a761402 to room REANIMATION NEONATALE at (4064, 555)
2026-03-20T00:21:00: [RTLS] Snapping asset 18690a762090 to room SOINS INTENSIFS at (4341, 1078)
2026-03-20T00:21:00: [RTLS] Snapping asset 18690a7612bf to room SALLE D'ACCOUCHEMENT 3 at (3203, 2362)
2026-03-20T00:21:00: [RTLS] Snapping asset 18690a7621d1 to room Bloc3 at (1569, 558)
2026-03-20T00:21:01: [RTLS] Snapping asset 18690a7613f4 to room REANIMATION NEONATALE at (4079, 577)
2026-03-20T00:21:01: [RTLS] Snapping asset 18690a762043 to room Reveil at (1340, 1356)
2026-03-20T00:21:01: [RTLS] Snapping asset 18690a7612d6 to room 403 at (1438, 554)
2026-03-20T00:21:01: [RTLS] Snapping asset 18690a76180d to room BLOC1 at (586, 588)
2026-03-20T00:21:01: [RTLS] Snapping asset 18690a7615ea to room 414 at (4226, 2153)
2026-03-20T00:21:01: [RTLS] Snapping asset 18690a761e32 to room SOINS INTENSIFS at (4292, 1053)
2026-03-20T00:21:01: [RTLS] Snapping asset 18690a761e0a to room CH02 at (423, 1368)
2026-03-20T00:21:01: [RTLS] Snapping asset 18690a762047 to room CH11 at (1406, 354)
2026-03-20T00:21:01: [RTLS] Snapping asset 18690a76206c to room Reveil at (1342, 1384)
2026-03-20T00:21:01: [RTLS] Snapping asset 18690a7621db to room 306 at (2462, 458)
2026-03-20T00:21:01: [RTLS] Snapping asset 18690a761e10 to room BLOC1 at (515, 578)
2026-03-20T00:21:01: [RTLS] Snapping asset 18690a7612ca to room 406 at (2411, 556)
2026-03-20T00:21:01: [RTLS] Snapping asset 18690a76181a to room 407 at (2771, 500)
2026-03-20T00:21:01: [RTLS] Snapping asset 18690a7615d9 to room CH12 at (1658, 323)
2026-03-20T00:21:01: [RTLS] Snapping asset 18690a7623ef to room SALLE DE PREPARATION at (4259, 2224)
2026-03-20T00:21:01: [RTLS] Snapping asset 18690a7613fb to room REANIMATION NEONATALE at (4075, 586)
2026-03-20T00:21:01: [RTLS] Snapping asset 18690a7613e8 to room REANIMATION NEONATALE at (4081, 563)
2026-03-20T00:21:01: [RTLS] Snapping asset 18690a761407 to room CH06 at (378, 418)
2026-03-20T00:21:01: [RTLS] Snapping asset 18690a761849 to room Box5 at (1096, 391)
2026-03-20T00:21:01: [RTLS] Snapping asset 18690a7623d1 to room CH10 at (1069, 385)
2026-03-20T00:21:01: [RTLS] Snapping asset 18690a7615da to room 413 at (4264, 1706)
2026-03-20T00:21:01: [RTLS] Snapping asset 18690a761e0c to room REANIMATION NEONATALE at (4040, 557)
2026-03-20T00:21:01: [RTLS] Snapping asset 18690a76221a to room 406 at (2430, 563)
2026-03-20T00:21:01: [RTLS] Snapping asset 18690a761e2d to room 308 at (3068, 465)
2026-03-20T00:21:01: [RTLS] Snapping asset 18690a7623fc to room 314 at (4141, 2008)
2026-03-20T00:21:01: [RTLS] Snapping asset 18690a7621f3 to room Box9 at (473, 1239)
2026-03-20T00:21:01: [RTLS] Snapping asset 18690a7615b3 to room 413 at (4267, 1742)
2026-03-20T00:21:01: [RTLS] Snapping asset 18690a762221 to room ACCUEIL NOUVEAUX NES at (4310, 1949)
2026-03-20T00:21:01: [RTLS] Snapping asset 18690a7615b0 to room SALLE D'ACCOUCHEMENT 3 at (3186, 2335)
2026-03-20T00:21:01: [RTLS] Snapping asset 18690a761826 to room CH17 at (2864, 258)
2026-03-20T00:21:01: [RTLS] Snapping asset 18690a762096 to room CH06 at (396, 428)
2026-03-20T00:21:01: [RTLS] Snapping asset 18690a76206a to room 308 at (3129, 470)
2026-03-20T00:21:01: [RTLS] Snapping asset 18690a7612cd to room 408 at (3066, 506)
2026-03-20T00:21:01: [RTLS] Snapping asset 18690a761848 to room SALLE D'ACCOUCHEMENT 4 at (4286, 1647)
2026-03-20T00:21:02: [RTLS] Snapping asset 18690a76203c to room Box5 at (1129, 339)
2026-03-20T00:21:02: [RTLS] Snapping asset 18690a761820 to room Box1 at (2462, 406)
2026-03-20T00:21:02: [RTLS] Snapping asset 18690a7615e1 to room 4001 at (471, 528)
2026-03-20T00:21:02: [RTLS] Snapping asset 18690a7613e4 to room 413 at (4336, 1744)
2026-03-20T00:21:02: [RTLS] Snapping asset 18690a7623c4 to room REANIMATION NEONATALE at (4010, 556)
2026-03-20T00:21:02: [RTLS] Snapping asset 18690a7623fb to room REANIMATION NEONATALE at (4034, 517)
2026-03-20T00:21:02: [RTLS] Snapping asset 18690a761e01 to room ACCUEIL at (3526, 1106)
2026-03-20T00:21:02: [RTLS] Snapping asset 18690a7615d5 to room Box5 at (1052, 347)
2026-03-20T00:21:02: [RTLS] Snapping asset 18690a761df2 to room REANIMATION NEONATALE at (4048, 577)
2026-03-20T00:21:02: [RTLS] Snapping asset 18690a761e06 to room Box9 at (438, 1236)
2026-03-20T00:21:02: [RTLS] Snapping asset 18690a7613c5 to room SALLE D'EPREUVE D'EFFORT at (4137, 385)
2026-03-20T00:21:02: [RTLS] Snapping asset 18690a7623c1 to room REANIMATION NEONATALE at (4014, 557)
2026-03-20T00:21:02: [RTLS] Snapping asset 18690a7615f2 to room 406 at (2400, 510)
2026-03-20T00:21:02: [RTLS] Snapping asset 18690a761e03 to room REANIMATION NEONATALE at (4048, 552)
2026-03-20T00:21:02: [RTLS] Snapping asset 18690a7613fe to room REANIMATION NEONATALE at (4073, 590)
2026-03-20T00:21:02: [RTLS] Snapping asset 18690a76220a to room CH17 at (2859, 273)
2026-03-20T00:21:02: [RTLS] Snapping asset 18690a7623e6 to room Box4 at (1385, 398)
2026-03-20T00:21:02: [RTLS] Snapping asset 18690a76205c to room SOINS INTENSIFS at (4345, 1050)
2026-03-20T00:21:02: [RTLS] Snapping asset 18690a76184e to room 406 at (2421, 574)
2026-03-20T00:21:02: [RTLS] Snapping asset 18690a76207c to room Box2 at (2137, 367)
2026-03-20T00:21:02: [RTLS] Snapping asset 18690a76208c to room 304 at (1796, 477)
2026-03-20T00:21:02: [RTLS] Snapping asset 18690a7615d7 to room 406 at (2380, 523)
2026-03-20T00:21:02: [RTLS] Snapping asset 18690a76203e to room Reveil at (1335, 1356)
2026-03-20T00:21:02: [RTLS] Snapping asset 18690a762097 to room 304 at (1796, 490)
2026-03-20T00:21:02: [RTLS] Snapping asset 18690a7615e5 to room 409 at (3429, 471)
2026-03-20T00:21:02: [RTLS] Snapping asset 18690a762068 to room 401 at (884, 537)
2026-03-20T00:21:02: [RTLS] Snapping asset 18690a761808 to room SALLE DE PREPARATION at (4359, 2271)
2026-03-20T00:21:02: [RTLS] Snapping asset 18690a7613e0 to room 408 at (3107, 503)
2026-03-20T00:21:02: [RTLS] Snapping asset 18690a7612eb to room Box9 at (432, 1222)
2026-03-20T00:21:02: [RTLS] Snapping asset 18690a761e29 to room REANIMATION NEONATALE at (4041, 540)
2026-03-20T00:21:02: [RTLS] Snapping asset 18690a7612c3 to room CH02 at (430, 1365)
2026-03-20T00:21:02: [RTLS] Snapping asset 18690a7615ba to room 406 at (2409, 540)
2026-03-20T00:21:02: [RTLS] Snapping asset 18690a761e33 to room SOINS INTENSIFS at (4291, 1053)
2026-03-20T00:21:02: [RTLS] Snapping asset 18690a7615fd to room Box12 at (1640, 1456)
2026-03-20T00:21:02: [RTLS] Snapping asset 18690a762062 to room Reveil at (1334, 1376)
2026-03-20T00:21:02: [RTLS] Snapping asset 18690a7621e7 to room Box9 at (499, 1252)
2026-03-20T00:21:02: [RTLS] Snapping asset 18690a7615f4 to room CH10 at (1067, 353)
2026-03-20T00:21:02: [RTLS] Snapping asset 18690a76204e to room SOINS INTENSIFS at (4371, 1039)
2026-03-20T00:21:02: [RTLS] Snapping asset 18690a7623c3 to room 406 at (2380, 556)
2026-03-20T00:21:02: [RTLS] Snapping asset 18690a761e08 to room Box7 at (440, 427)
2026-03-20T00:21:02: [RTLS] Snapping asset 18690a76220e to room CH19 at (2856, 689)
2026-03-20T00:21:02: [RTLS] Snapping asset 18690a76140a to room Box11 at (961, 1523)
2026-03-20T00:21:03: [RTLS] Snapping asset 18690a7612f3 to room SOINS INTENSIFS at (4291, 1053)
2026-03-20T00:21:03: [RTLS] Snapping asset 18690a762046 to room 311 at (4244, 1086)
2026-03-20T00:21:03: [RTLS] Snapping asset 18690a762061 to room ZONE PREPARATION PATIENT at (2480, 766)
2026-03-20T00:21:03: [RTLS] Snapping asset 18690a762058 to room Box9 at (474, 1215)
2026-03-20T00:21:03: [RTLS] Snapping asset 18690a761df8 to room SALLE DE PREPARATION at (4295, 2292)
2026-03-20T00:21:03: [RTLS] Snapping asset 18690a7621ee to room REANIMATION NEONATALE at (4079, 552)
2026-03-20T00:21:03: [RTLS] Snapping asset 18690a7612c5 to room 414 at (4238, 2188)
2026-03-20T00:21:03: [RTLS] Snapping asset 18690a7612a0 to room REANIMATION NEONATALE at (4062, 561)
2026-03-20T00:21:03: [RTLS] Snapping asset 18690a761e3a to room Box9 at (416, 1216)
2026-03-20T00:21:03: [RTLS] Snapping asset 18690a76207b to room NURSERIE at (3580, 1478)
2026-03-20T00:21:03: [RTLS] Snapping asset 18690a7615b5 to room CH19 at (2792, 655)
2026-03-20T00:21:03: [RTLS] Snapping asset 18690a761dfe to room REANIMATION NEONATALE at (4034, 584)
2026-03-20T00:21:03: [RTLS] Snapping asset 18690a7615d0 to room Box9 at (410, 1212)
2026-03-20T00:21:03: [RTLS] Snapping asset 18690a76221e to room CH06 at (374, 425)
2026-03-20T00:21:03: [RTLS] Snapping asset 18690a761df7 to room Box7 at (439, 453)
2026-03-20T00:21:03: [RTLS] Snapping asset 18690a7623f5 to room Box11 at (938, 1482)
2026-03-20T00:21:03: [RTLS] Snapping asset 18690a7613d6 to room CH10 at (1144, 415)
2026-03-20T00:21:03: [RTLS] Snapping asset 18690a762053 to room Box5 at (1155, 350)
2026-03-20T00:21:03: [RTLS] Snapping asset 18690a761e13 to room SOINS INTENSIFS at (4292, 1073)
2026-03-20T00:21:03: [RTLS] Snapping asset 18690a762048 to room BLOC1 at (583, 541)
2026-03-20T00:21:03: [RTLS] Snapping asset 18690a7623d5 to room CH12 at (1677, 339)
2026-03-20T00:21:03: [RTLS] Snapping asset 18690a7612b5 to room REANIMATION NEONATALE at (4045, 579)
2026-03-20T00:21:03: [RTLS] Snapping asset 18690a761e0e to room 3002 at (3979, 450)
2026-03-20T00:21:03: [RTLS] Snapping asset 18690a7613bc to room Box4 at (1466, 413)
2026-03-20T00:21:03: [RTLS] Snapping asset 18690a7621ed to room REANIMATION NEONATALE at (4079, 551)
2026-03-20T00:21:03: [RTLS] Snapping asset 18690a761416 to room CH17 at (2835, 262)
2026-03-20T00:21:03: [RTLS] Snapping asset 18690a7612c6 to room Box9 at (438, 1236)
2026-03-20T00:21:03: [RTLS] Snapping asset 18690a761e2f to room ANGIOGRAPHIE at (4088, 1836)
2026-03-20T00:21:03: [RTLS] Snapping asset 18690a761847 to room Box5 at (1098, 389)
2026-03-20T00:21:03: [RTLS] Snapping asset 18690a761e23 to room 3001 at (438, 533)
2026-03-20T00:21:03: [RTLS] Snapping asset 18690a76141f to room CH09 at (899, 438)
2026-03-20T00:21:03: [RTLS] Snapping asset 18690a7623f7 to room SALLE D'ACCOUCHEMENT 4 at (4266, 1599)
2026-03-20T00:21:03: [RTLS] Snapping asset 18690a76206b to room 308 at (3129, 471)
2026-03-20T00:21:03: [RTLS] Snapping asset 18690a761602 to room CH02 at (411, 1302)
2026-03-20T00:21:03: [RTLS] Snapping asset 18690a7621ec to room REANIMATION NEONATALE at (4078, 550)
2026-03-20T00:21:03: [RTLS] Snapping asset 18690a76220b to room ACCUEIL NOUVEAUX NES at (4328, 1965)
2026-03-20T00:21:04: [RTLS] Snapping asset 18690a76185c to room Box5 at (1076, 405)
2026-03-20T00:21:04: [RTLS] Snapping asset 18690a762041 to room 304 at (1811, 438)
2026-03-20T00:21:04: [RTLS] Snapping asset 18690a7623e3 to room CH02 at (396, 1340)
2026-03-20T00:21:04: [RTLS] Snapping asset 18690a76141c to room REANIMATION NEONATALE at (4046, 579)
2026-03-20T00:21:04: [RTLS] Snapping asset 18690a7623cf to room SALLE D'ACCOUCHEMENT 3 at (3205, 2317)
2026-03-20T00:21:04: [RTLS] Snapping asset 18690a7612a1 to room ACCUEIL NOUVEAUX NES at (4315, 1941)
2026-03-20T00:21:04: [RTLS] Snapping asset 18690a761e19 to room Box5 at (1064, 380)
2026-03-20T00:21:04: [RTLS] Snapping asset 18690a762222 to room NURSERIE at (3529, 1484)
2026-03-20T00:21:04: [RTLS] Snapping asset 18690a7612d8 to room Box7 at (422, 431)
2026-03-20T00:21:04: [RTLS] Snapping asset 18690a76129e to room SALLE DE PREPARATION at (4316, 2270)
2026-03-20T00:21:04: [RTLS] Snapping asset 18690a7621f6 to room Box7 at (477, 432)
2026-03-20T00:21:04: [RTLS] Snapping asset 18690a76206d to room 4002 at (4247, 567)
2026-03-20T00:21:04: [RTLS] Snapping asset 18690a7621d7 to room REANIMATION NEONATALE at (4101, 550)
2026-03-20T00:21:04: [RTLS] Snapping asset 18690a76140c to room CH14 at (2108, 371)
2026-03-20T00:21:04: [RTLS] Snapping asset 18690a7613e6 to room SALLE D'ACCOUCHEMENT 4 at (4310, 1639)
2026-03-20T00:21:04: [RTLS] Snapping asset 18690a762078 to room 406 at (2474, 561)
2026-03-20T00:21:04: [RTLS] Snapping asset 18690a7613f6 to room REANIMATION NEONATALE at (4078, 580)
2026-03-20T00:21:04: [RTLS] Snapping asset 18690a761e16 to room 314 at (4135, 2050)
2026-03-20T00:21:04: [RTLS] Snapping asset 18690a7613cd to room REANIMATION NEONATALE at (4104, 557)
2026-03-20T00:21:04: [RTLS] Snapping asset 18690a7613d5 to room SALLE DE PREPARATION at (4360, 2278)
2026-03-20T00:21:05: [RTLS] Snapping asset 18690a7615e9 to room NURSERIE at (3509, 1432)
2026-03-20T00:21:05: [RTLS] Snapping asset 18690a762059 to room 405 at (2128, 484)
2026-03-20T00:21:05: [RTLS] Snapping asset 18690a762207 to room CH10 at (1115, 427)
2026-03-20T00:21:05: [RTLS] Snapping asset 18690a762088 to room REANIMATION NEONATALE at (4080, 554)
2026-03-20T00:21:05: [RTLS] Snapping asset 18690a761e2b to room REANIMATION NEONATALE at (4039, 540)
2026-03-20T00:21:05: [RTLS] Snapping asset 18690a761814 to room Box1 at (2459, 393)
2026-03-20T00:21:05: [RTLS] Snapping asset 18690a76207e to room 302 at (1199, 495)
2026-03-20T00:21:05: [RTLS] Snapping asset 18690a76141e to room ACCUEIL NOUVEAUX NES at (4297, 1959)
2026-03-20T00:21:05: [RTLS] Snapping asset 18690a76205b to room 311 at (4227, 1101)
2026-03-20T00:21:05: [RTLS] Snapping asset 18690a761851 to room CH10 at (1086, 422)
2026-03-20T00:21:05: [RTLS] Snapping asset 18690a76184b to room DETENTE PERS at (3566, 1293)
2026-03-20T00:21:05: [RTLS] Snapping asset 18690a761e21 to room 304 at (1729, 476)
2026-03-20T00:21:05: [RTLS] Snapping asset 18690a762044 to room Bloc4 at (2042, 536)
2026-03-20T00:21:05: [RTLS] Snapping asset 18690a7613d3 to room SALLE D'ACCOUCHEMENT 4 at (4335, 1643)
2026-03-20T00:21:05: [RTLS] Snapping asset 18690a761e11 to room Reveil at (1277, 1396)
2026-03-20T00:21:05: [RTLS] Snapping asset 18690a76185b to room 315 at (4130, 2377)
2026-03-20T00:21:05: [RTLS] Snapping asset 18690a7621dd to room REANIMATION NEONATALE at (4104, 557)
2026-03-20T00:21:05: [RTLS] Snapping asset 18690a762066 to room Reveil at (1337, 1379)
2026-03-20T00:21:05: [RTLS] Snapping asset 18690a7613e1 to room 315 at (4173, 2349)
2026-03-20T00:21:05: [RTLS] Snapping asset 18690a762228 to room REANIMATION NEONATALE at (4050, 576)
2026-03-20T00:21:05: [RTLS] Snapping asset 18690a7613db to room REANIMATION NEONATALE at (4078, 549)
2026-03-20T00:21:05: [RTLS] Snapping asset 18690a761842 to room 405 at (2107, 514)
2026-03-20T00:21:05: [RTLS] Snapping asset 18690a762099 to room 311 at (4223, 1140)
2026-03-20T00:21:05: [RTLS] Snapping asset 18690a76208b to room 4002 at (4228, 577)
2026-03-20T00:21:05: [RTLS] Snapping asset 18690a761601 to room 409 at (3420, 439)
2026-03-20T00:21:05: [RTLS] Snapping asset 18690a7612de to room Box7 at (414, 430)
2026-03-20T00:21:05: [RTLS] Snapping asset 18690a761823 to room 405 at (2127, 518)
2026-03-20T00:21:05: [RTLS] Snapping asset 18690a762076 to room Bloc2 at (1085, 582)
2026-03-20T00:21:06: [RTLS] Snapping asset 18690a7613ca to room SOINS INTENSIFS at (4363, 1068)
2026-03-20T00:21:06: [RTLS] Snapping asset 18690a7623d0 to room CH06 at (349, 397)
2026-03-20T00:21:06: [RTLS] Snapping asset 18690a7615d8 to room 414 at (4201, 2157)
2026-03-20T00:21:06: [RTLS] Snapping asset 18690a7615bd to room NURSERIE at (3511, 1453)
2026-03-20T00:21:06: [RTLS] Snapping asset 18690a7615b9 to room Bloc3 at (1514, 554)
2026-03-20T00:21:06: [RTLS] Snapping asset 18690a761df5 to room Box9 at (438, 1261)
2026-03-20T00:21:06: [RTLS] Snapping asset 18690a7612e0 to room 308 at (3047, 483)
2026-03-20T00:21:06: [RTLS] Snapping asset 18690a7615e0 to room CH17 at (2825, 214)
2026-03-20T00:21:06: [RTLS] Snapping asset 18690a761827 to room 409 at (3471, 520)
2026-03-20T00:21:06: [RTLS] Snapping asset 18690a7612c7 to room 414 at (4236, 2189)
2026-03-20T00:21:06: [RTLS] Snapping asset 18690a7623fa to room SALLE DE PREPARATION at (4289, 2229)
2026-03-20T00:21:06: [RTLS] Snapping asset 18690a76204a to room 311 at (4249, 1088)
2026-03-20T00:21:06: [RTLS] Snapping asset 18690a7615fa to room CH12 at (1677, 301)
2026-03-20T00:21:06: [RTLS] Snapping asset 18690a7621fe to room Box7 at (477, 442)
2026-03-20T00:21:06: [RTLS] Snapping asset 18690a76205a to room SOINS INTENSIFS at (4343, 1049)
2026-03-20T00:21:06: [RTLS] Snapping asset 18690a761610 to room CH19 at (2834, 607)
2026-03-20T00:21:06: [RTLS] Snapping asset 18690a7623ca to room CH17 at (2823, 228)
2026-03-20T00:21:06: [RTLS] Snapping asset 18690a7613be to room Reveil at (1337, 1379)
2026-03-20T00:21:06: [RTLS] Snapping asset 18690a762051 to room 3002 at (4055, 419)
2026-03-20T00:21:06: [RTLS] Snapping asset 18690a7621d5 to room 409 at (3490, 496)
2026-03-20T00:21:06: [RTLS] Snapping asset 18690a762093 to room 406 at (2450, 567)
2026-03-20T00:21:06: [RTLS] Snapping asset 18690a7612e2 to room Box1 at (2393, 400)
2026-03-20T00:21:06: [RTLS] Snapping asset 18690a7615e3 to room 314 at (4147, 2016)
2026-03-20T00:21:06: [RTLS] Snapping asset 18690a76160f to room Box7 at (447, 380)
2026-03-20T00:21:06: [RTLS] Snapping asset 18690a7623f6 to room CH19 at (2821, 621)
2026-03-20T00:21:06: [RTLS] Snapping asset 18690a761865 to room CH14 at (2094, 360)
2026-03-20T00:21:06: [RTLS] Snapping asset 18690a7613d9 to room 403 at (1487, 541)
2026-03-20T00:21:06: [RTLS] Snapping asset 18690a761844 to room 4002 at (4208, 585)
2026-03-20T00:21:06: [RTLS] Snapping asset 18690a76208d to room Bloc5 at (3259, 581)
2026-03-20T00:21:06: [RTLS] Snapping asset 18690a7612ef to room Box4 at (1408, 412)
2026-03-20T00:21:06: [RTLS] Snapping asset 18690a7615b7 to room CH12 at (1654, 356)
2026-03-20T00:21:06: [RTLS] Snapping asset 18690a762098 to room 409 at (3471, 521)
2026-03-20T00:21:06: [RTLS] Snapping asset 18690a762416 to room CH14 at (2078, 290)
2026-03-20T00:21:06: [RTLS] Snapping asset 18690a76240a to room CH19 at (2812, 600)
2026-03-20T00:21:06: [RTLS] Snapping asset 18690a761419 to room 315 at (4142, 2371)
2026-03-20T00:21:06: [RTLS] Snapping asset 18690a761e1d to room 311 at (4162, 1125)
2026-03-20T00:21:06: [RTLS] Snapping asset 18690a761e15 to room 306 at (2388, 462)
2026-03-20T00:21:06: [RTLS] Snapping asset 18690a7612b4 to room CH19 at (2829, 678)
2026-03-20T00:21:06: [RTLS] Snapping asset 18690a76141b to room 409 at (3438, 526)
2026-03-20T00:21:06: [RTLS] Snapping asset 18690a761e1c to room BLOC1 at (500, 579)
2026-03-20T00:21:06: [RTLS] Snapping asset 18690a7613ef to room 406 at (2450, 571)
2026-03-20T00:21:07: [RTLS] Snapping asset 18690a761411 to room Box6 at (772, 441)
2026-03-20T00:21:07: [RTLS] Snapping asset 18690a76160e to room Box5 at (1090, 331)
2026-03-20T00:21:07: [RTLS] Snapping asset 18690a76204c to room SOINS INTENSIFS at (4368, 1038)
2026-03-20T00:21:07: [RTLS] Snapping asset 18690a761e2e to room REANIMATION NEONATALE at (4036, 539)
2026-03-20T00:21:07: [RTLS] Snapping asset 18690a761832 to room REANIMATION NEONATALE at (4076, 585)
2026-03-20T00:21:07: [RTLS] Snapping asset 18690a762074 to room Reveil at (1346, 1393)
2026-03-20T00:21:07: [RTLS] Snapping asset 18690a761e3b to room SOINS INTENSIFS at (4282, 1049)
2026-03-20T00:21:07: [RTLS] Snapping asset 18690a761856 to room SALLE DE PREPARATION at (4297, 2291)
2026-03-20T00:21:07: [RTLS] Snapping asset 18690a761dec to room 414 at (4245, 2207)
2026-03-20T00:21:07: [RTLS] Snapping asset 18690a761e35 to room REANIMATION NEONATALE at (4028, 537)
2026-03-20T00:21:07: [RTLS] Snapping asset 18690a762209 to room Box10 at (466, 1576)
2026-03-20T00:21:07: [RTLS] Snapping asset 18690a7612ba to room 3001 at (466, 559)
2026-03-20T00:21:07: [RTLS] Snapping asset 18690a761604 to room 413 at (4285, 1672)
2026-03-20T00:21:07: [RTLS] Snapping asset 18690a7613cf to room SALLE DE PREPARATION at (4358, 2270)
2026-03-20T00:21:07: [RTLS] Snapping asset 18690a762049 to room 306 at (2464, 425)
2026-03-20T00:21:07: [RTLS] Snapping asset 18690a7621dc to room Bloc6 at (3839, 578)
2026-03-20T00:21:07: [RTLS] Snapping asset 18690a7612d4 to room REANIMATION NEONATALE at (4030, 559)
2026-03-20T00:21:07: [RTLS] Snapping asset 18690a7612ea to room 403 at (1450, 534)
2026-03-20T00:21:07: [RTLS] Snapping asset 18690a7615d2 to room 405 at (2061, 479)
2026-03-20T00:21:07: [RTLS] Snapping asset 18690a76180e to room 311 at (4250, 1135)
2026-03-20T00:21:07: [RTLS] Snapping asset 18690a7612e8 to room CH19 at (2826, 640)
2026-03-20T00:21:07: [RTLS] Snapping asset 18690a76181d to room 414 at (4272, 2194)
2026-03-20T00:21:07: [RTLS] Snapping asset 18690a761831 to room 403 at (1486, 578)
2026-03-20T00:21:07: [RTLS] Snapping asset 18690a7623ce to room 3002 at (3977, 431)
2026-03-20T00:21:07: [RTLS] Snapping asset 18690a761603 to room 407 at (2720, 432)
2026-03-20T00:21:07: [RTLS] Snapping asset 18690a7613c4 to room SOINS INTENSIFS at (4359, 1062)
2026-03-20T00:21:07: [RTLS] Snapping asset 18690a76182b to room SALLE DE PREPARATION at (4333, 2287)
2026-03-20T00:21:07: [RTLS] Snapping asset 18690a7613c7 to room Box7 at (497, 422)
2026-03-20T00:21:07: [RTLS] Snapping asset 18690a7615db to room 314 at (4115, 2010)
2026-03-20T00:21:07: [RTLS] Snapping asset 18690a7615d3 to room 414 at (4205, 2162)
2026-03-20T00:21:07: [RTLS] Snapping asset 18690a761812 to room 316 at (2344, 2228)
2026-03-20T00:21:07: [RTLS] Snapping asset 18690a762040 to room 319 at (2129, 1584)
2026-03-20T00:21:07: [RTLS] Snapping asset 18690a76180c to room 413 at (4362, 1752)
2026-03-20T00:21:07: [RTLS] Snapping asset 18690a761613 to room 414 at (4242, 2138)
2026-03-20T00:21:07: [RTLS] Snapping asset 18690a76141a to room 414 at (4239, 2212)
2026-03-20T00:21:07: [RTLS] Snapping asset 18690a76207a to room 403 at (1515, 558)
2026-03-20T00:21:07: [RTLS] Snapping asset 18690a7615f9 to room 4001 at (459, 504)
2026-03-20T00:21:07: [RTLS] Floor change (Score-based): tag=13ef 5 → 4 (ratio=810779.75)
2026-03-20T00:21:08: [RTLS] Floor change (Score-based): tag=1e1d 2 → 3 (ratio=3.32)
2026-03-20T00:21:08: [RTLS] Snapping asset 18690a7621d3 to room 407 at (2789, 490)
2026-03-20T00:21:08: [RTLS] Floor change (Score-based): tag=15ba 5 → 4 (ratio=10.45)
2026-03-20T00:21:08: [RTLS] Floor change (Score-based): tag=2221 1 → 2 (ratio=54.43)
2026-03-20T00:21:08: [RTLS] Successfully snapped 385 assets.
2026-03-20T00:21:08: [RTLS] Floor change (Score-based): tag=1e2b 1 → 2 (ratio=56.96)
2026-03-20T00:21:08: [RTLS] Floor change (Score-based): tag=1e01 2 → 3 (ratio=4.66)
2026-03-20T00:21:09: [RTLS] Floor change (Score-based): tag=1e2d 4 → 3 (ratio=3.53)
2026-03-20T00:21:10: [RTLS] Floor change (Score-based): tag=205b 4 → 3 (ratio=19.22)
2026-03-20T00:21:34: [RTLS] Floor change (Score-based): tag=1613 4 → 3 (ratio=88899.86)
2026-03-20T00:21:38: [RTLS] Floor change (Score-based): tag=1824 2 → 1 (ratio=61283.50)
2026-03-20T00:21:40: [RTLS] Floor change (Score-based): tag=1613 3 → 4 (ratio=4134968.83)
2026-03-20T00:21:49: [RTLS] Floor change (Score-based): tag=1824 1 → 2 (ratio=6.55)
2026-03-20T00:21:56: [RTLS] Loaded 113 locations (rooms/zones) and 9 floor geometries.
2026-03-20T00:21:56: [RTLS] Anchor→room map: 116 total. Floor 6: ★ 14 → Bloc5, ★ 21 → Bloc2, ★ 20 → Bloc3, ★ 18 → Bloc6, ★ 3 → Bloc4,   198 → Bloc4, ★ 4 → Reveil,   199 → Bloc2, ★ 22 → BLOC1,   19 → Bloc6
2026-03-20T00:21:56: [RTLS] Loaded room_gate_anchors for 7 rooms (29 entries).
2026-03-20T00:21:56: [Geofence] Loaded 6 sirens.
2026-03-20T00:22:06: [RTLS] Marked 13 assets as offline.
2026-03-20T00:22:16: [RTLS] Marked 2 assets as offline.
2026-03-20T00:22:56: [RTLS] Loaded 113 locations (rooms/zones) and 9 floor geometries.
2026-03-20T00:22:56: [RTLS] Anchor→room map: 116 total. Floor 6: ★ 14 → Bloc5, ★ 21 → Bloc2, ★ 20 → Bloc3, ★ 18 → Bloc6, ★ 3 → Bloc4,   198 → Bloc4, ★ 4 → Reveil,   199 → Bloc2, ★ 22 → BLOC1,   19 → Bloc6
2026-03-20T00:22:56: [RTLS] Loaded room_gate_anchors for 7 rooms (29 entries).
2026-03-20T00:22:56: [Geofence] Loaded 6 sirens.
2026-03-20T00:23:00: [RTLS] Floor change (Score-based): tag=1824 2 → 1 (ratio=123409.80)
2026-03-20T00:23:12: [RTLS] Floor change (Score-based): tag=1824 1 → 2 (ratio=1444488.50)
2026-03-20T00:23:26: [RTLS] Marked 1 assets as offline.
2026-03-20T00:23:55: 🛑 SIGINT reçu, arrêt du serveur...
2026-03-20T00:23:55: [MQTT] Service déconnecté
2026-03-20T00:23:56: [dotenv@17.2.1] injecting env (0) from .env -- tip: 📡 observe env with Radar: https://dotenvx.com/radar
2026-03-20T00:23:56: [dotenv@17.2.1] injecting env (0) from .env -- tip: ⚙️  load multiple .env files with { path: ['.env.local', '.env'] }
2026-03-20T00:23:56: [dotenv@17.2.1] injecting env (0) from .env -- tip: ⚙️  enable debug logging with { debug: true }
2026-03-20T00:23:56: 📦 Serving static files from: /var/www/oncorad/dist
2026-03-20T00:23:56: 🔵 REGISTERING OXYGEN ROUTES
2026-03-20T00:23:56: 🔄 Server is starting...
2026-03-20T00:23:56: [WS] WebSocket Server initialized
2026-03-20T00:23:56: 🚀 Server running on port 8789
2026-03-20T00:23:56: 📊 Health check: http://localhost:8789/api/health
2026-03-20T00:23:56: 🔌 MQTT Status: ✅ Connecté
2026-03-20T00:24:56: [Energy] Marked 38 meters as offline.
2026-03-20T00:26:55: 🛑 SIGINT reçu, arrêt du serveur...
2026-03-20T00:26:56: [dotenv@17.2.1] injecting env (0) from .env -- tip: ⚙️  suppress all logs with { quiet: true }
2026-03-20T00:26:56: [dotenv@17.2.1] injecting env (0) from .env -- tip: 🔐 encrypt with Dotenvx: https://dotenvx.com
2026-03-20T00:26:56: [dotenv@17.2.1] injecting env (0) from .env -- tip: ⚙️  suppress all logs with { quiet: true }
2026-03-20T00:26:56: 📦 Serving static files from: /var/www/oncorad/dist
2026-03-20T00:26:56: 🔵 REGISTERING OXYGEN ROUTES
2026-03-20T00:26:56: 🔄 Server is starting...
2026-03-20T00:26:56: [WS] WebSocket Server initialized
2026-03-20T00:26:56: 🚀 Server running on port 8789
2026-03-20T00:26:56: 📊 Health check: http://localhost:8789/api/health
2026-03-20T00:26:56: 🔌 MQTT Status: ✅ Connecté
2026-03-20T00:29:55: 🛑 SIGINT reçu, arrêt du serveur...
2026-03-20T00:29:56: [dotenv@17.2.1] injecting env (0) from .env -- tip: 📡 observe env with Radar: https://dotenvx.com/radar
2026-03-20T00:29:56: [dotenv@17.2.1] injecting env (0) from .env -- tip: ⚙️  load multiple .env files with { path: ['.env.local', '.env'] }
2026-03-20T00:29:56: [dotenv@17.2.1] injecting env (0) from .env -- tip: ⚙️  enable debug logging with { debug: true }
2026-03-20T00:29:56: 📦 Serving static files from: /var/www/oncorad/dist
2026-03-20T00:29:56: 🔵 REGISTERING OXYGEN ROUTES
2026-03-20T00:29:56: 🔄 Server is starting...
2026-03-20T00:29:56: [WS] WebSocket Server initialized
2026-03-20T00:29:56: 🚀 Server running on port 8789
2026-03-20T00:29:56: 📊 Health check: http://localhost:8789/api/health
2026-03-20T00:29:56: 🔌 MQTT Status: ✅ Connecté
2026-03-20T00:31:02: 🛑 SIGINT reçu, arrêt du serveur...
2026-03-20T00:31:02: [dotenv@17.2.1] injecting env (0) from .env -- tip: 🔐 encrypt with Dotenvx: https://dotenvx.com
2026-03-20T00:31:02: [dotenv@17.2.1] injecting env (0) from .env -- tip: ⚙️  override existing env vars with { override: true }
2026-03-20T00:31:03: [dotenv@17.2.1] injecting env (0) from .env -- tip: ⚙️  load multiple .env files with { path: ['.env.local', '.env'] }
2026-03-20T00:31:03: 📦 Serving static files from: /var/www/oncorad/dist
2026-03-20T00:31:03: 🔵 REGISTERING OXYGEN ROUTES
2026-03-20T00:31:03: 🔄 Server is starting...
2026-03-20T00:31:03: [WS] WebSocket Server initialized
2026-03-20T00:31:03: 🚀 Server running on port 8789
2026-03-20T00:31:03: 📊 Health check: http://localhost:8789/api/health
2026-03-20T00:31:03: 🔌 MQTT Status: ✅ Connecté
2026-03-20T00:34:55: 🛑 SIGINT reçu, arrêt du serveur...
2026-03-20T00:34:56: [dotenv@17.2.1] injecting env (0) from .env -- tip: ⚙️  write to custom object with { processEnv: myObject }
2026-03-20T00:34:56: [dotenv@17.2.1] injecting env (0) from .env -- tip: 🛠️  run anywhere with `dotenvx run -- yourcommand`
2026-03-20T00:34:56: [dotenv@17.2.1] injecting env (0) from .env -- tip: ⚙️  suppress all logs with { quiet: true }
2026-03-20T00:34:56: 📦 Serving static files from: /var/www/oncorad/dist
2026-03-20T00:34:56: 🔵 REGISTERING OXYGEN ROUTES
2026-03-20T00:34:56: 🔄 Server is starting...
2026-03-20T00:34:56: [WS] WebSocket Server initialized
2026-03-20T00:34:56: 🚀 Server running on port 8789
2026-03-20T00:34:56: 📊 Health check: http://localhost:8789/api/health
2026-03-20T00:34:56: 🔌 MQTT Status: ✅ Connecté
2026-03-20T00:38:55: 🛑 SIGINT reçu, arrêt du serveur...
2026-03-20T00:38:56: [dotenv@17.2.1] injecting env (0) from .env -- tip: ⚙️  suppress all logs with { quiet: true }
2026-03-20T00:38:56: [dotenv@17.2.1] injecting env (0) from .env -- tip: ⚙️  override existing env vars with { override: true }
2026-03-20T00:38:56: [dotenv@17.2.1] injecting env (0) from .env -- tip: ⚙️  load multiple .env files with { path: ['.env.local', '.env'] }
2026-03-20T00:38:56: 📦 Serving static files from: /var/www/oncorad/dist
2026-03-20T00:38:56: 🔵 REGISTERING OXYGEN ROUTES
2026-03-20T00:38:56: 🔄 Server is starting...
2026-03-20T00:38:56: [WS] WebSocket Server initialized
2026-03-20T00:38:56: 🚀 Server running on port 8789
2026-03-20T00:38:56: 📊 Health check: http://localhost:8789/api/health
2026-03-20T00:38:56: 🔌 MQTT Status: ✅ Connecté
2026-03-20T00:39:56: [Energy] Marked 40 meters as offline.
2026-03-20T00:43:25: 🛑 SIGINT reçu, arrêt du serveur...
2026-03-20T00:43:26: [dotenv@17.2.1] injecting env (0) from .env -- tip: ⚙️  load multiple .env files with { path: ['.env.local', '.env'] }
2026-03-20T00:43:26: [dotenv@17.2.1] injecting env (0) from .env -- tip: 📡 observe env with Radar: https://dotenvx.com/radar
2026-03-20T00:43:26: [dotenv@17.2.1] injecting env (0) from .env -- tip: ⚙️  enable debug logging with { debug: true }
2026-03-20T00:43:26: 📦 Serving static files from: /var/www/oncorad/dist
2026-03-20T00:43:26: 🔵 REGISTERING OXYGEN ROUTES
2026-03-20T00:43:26: 🔄 Server is starting...
2026-03-20T00:43:26: [WS] WebSocket Server initialized
2026-03-20T00:43:26: 🚀 Server running on port 8789
2026-03-20T00:43:26: 📊 Health check: http://localhost:8789/api/health
2026-03-20T00:43:26: 🔌 MQTT Status: ✅ Connecté
2026-03-20T00:48:55: 🛑 SIGINT reçu, arrêt du serveur...
2026-03-20T00:48:56: [dotenv@17.2.1] injecting env (0) from .env -- tip: ⚙️  specify custom .env file path with { path: '/custom/path/.env' }
2026-03-20T00:48:56: [dotenv@17.2.1] injecting env (0) from .env -- tip: 🔐 encrypt with Dotenvx: https://dotenvx.com
2026-03-20T00:48:56: [dotenv@17.2.1] injecting env (0) from .env -- tip: 🔐 encrypt with Dotenvx: https://dotenvx.com
2026-03-20T00:48:56: 📦 Serving static files from: /var/www/oncorad/dist
2026-03-20T00:48:56: 🔵 REGISTERING OXYGEN ROUTES
2026-03-20T00:48:56: 🔄 Server is starting...
2026-03-20T00:48:56: [WS] WebSocket Server initialized
2026-03-20T00:48:56: 🚀 Server running on port 8789
2026-03-20T00:48:56: 📊 Health check: http://localhost:8789/api/health
2026-03-20T00:48:56: 🔌 MQTT Status: ✅ Connecté
2026-03-20T00:49:56: [Energy] Marked 40 meters as offline.
2026-03-20T00:52:55: 🛑 SIGINT reçu, arrêt du serveur...
2026-03-20T00:52:56: [dotenv@17.2.1] injecting env (0) from .env -- tip: ⚙️  write to custom object with { processEnv: myObject }
2026-03-20T00:52:56: [dotenv@17.2.1] injecting env (0) from .env -- tip: ⚙️  write to custom object with { processEnv: myObject }
2026-03-20T00:52:56: [dotenv@17.2.1] injecting env (0) from .env -- tip: 🔐 encrypt with Dotenvx: https://dotenvx.com
2026-03-20T00:52:56: 📦 Serving static files from: /var/www/oncorad/dist
2026-03-20T00:52:56: 🔵 REGISTERING OXYGEN ROUTES
2026-03-20T00:52:56: 🔄 Server is starting...
2026-03-20T00:52:56: [WS] WebSocket Server initialized
2026-03-20T00:52:56: 🚀 Server running on port 8789
2026-03-20T00:52:56: 📊 Health check: http://localhost:8789/api/health
2026-03-20T00:52:56: 🔌 MQTT Status: ✅ Connecté
2026-03-20T00:54:21: 🛑 SIGINT reçu, arrêt du serveur...
